TN:
SF:src/app.js
FN:37,myApp
FN:42,(anonymous_1)
FNF:2
FNH:2
FNDA:1,myApp
FNDA:4,(anonymous_1)
DA:2,1
DA:3,1
DA:5,1
DA:6,1
DA:22,1
DA:23,1
DA:30,1
DA:35,1
DA:38,1
DA:39,1
DA:40,1
DA:42,1
DA:43,4
DA:44,4
DA:46,3
DA:47,3
DA:50,1
DA:51,1
DA:55,0
DA:61,1
DA:63,1
DA:65,1
DA:66,1
DA:68,1
LF:24
LH:23
BRDA:44,0,0,3
BRDA:44,0,1,1
BRDA:44,1,0,4
BRDA:44,1,1,3
BRF:4
BRH:4
end_of_record
TN:
SF:src/databaseHelpers/connection.js
FNF:0
FNH:0
DA:2,1
DA:3,1
DA:4,1
LF:3
LH:3
BRF:0
BRH:0
end_of_record
TN:
SF:src/databaseHelpers/knexfile.js
FNF:0
FNH:0
DA:6,1
DA:7,1
LF:2
LH:2
BRF:0
BRH:0
end_of_record
TN:
SF:src/modules/user/controller/userOperations.controller.js
FN:2,(anonymous_0)
FN:3,adopt
FN:3,(anonymous_2)
FN:4,(anonymous_3)
FN:5,fulfilled
FN:6,rejected
FN:7,step
FN:14,(anonymous_7)
FN:15,(anonymous_8)
FN:28,(anonymous_9)
FN:29,(anonymous_10)
FN:40,(anonymous_11)
FN:41,(anonymous_12)
FNF:13
FNH:9
FNDA:3,(anonymous_0)
FNDA:3,adopt
FNDA:0,(anonymous_2)
FNDA:3,(anonymous_3)
FNDA:3,fulfilled
FNDA:0,rejected
FNDA:6,step
FNDA:2,(anonymous_7)
FNDA:2,(anonymous_8)
FNDA:0,(anonymous_9)
FNDA:0,(anonymous_10)
FNDA:1,(anonymous_11)
FNDA:1,(anonymous_12)
DA:2,1
DA:3,3
DA:4,3
DA:5,3
DA:6,0
DA:7,6
DA:8,3
DA:11,1
DA:15,2
DA:16,2
DA:17,2
DA:18,2
DA:21,0
DA:29,0
DA:30,0
DA:31,0
DA:32,0
DA:35,0
DA:41,1
DA:42,1
DA:43,1
DA:44,1
DA:47,0
DA:54,1
LF:24
LH:16
BRDA:2,0,0,1
BRDA:2,0,1,1
BRDA:2,0,2,1
BRDA:3,1,0,3
BRDA:3,1,1,0
BRDA:4,2,0,3
BRDA:4,2,1,3
BRDA:7,3,0,3
BRDA:7,3,1,3
BRDA:8,4,0,3
BRDA:8,4,1,3
BRF:11
BRH:10
end_of_record
TN:
SF:src/modules/user/repository/user.repository.js
FN:2,(anonymous_0)
FN:3,adopt
FN:3,(anonymous_2)
FN:4,(anonymous_3)
FN:5,fulfilled
FN:6,rejected
FN:7,step
FN:13,(anonymous_7)
FN:14,(anonymous_8)
FN:18,(anonymous_9)
FN:19,(anonymous_10)
FN:23,(anonymous_11)
FN:24,(anonymous_12)
FNF:13
FNH:0
FNDA:0,(anonymous_0)
FNDA:0,adopt
FNDA:0,(anonymous_2)
FNDA:0,(anonymous_3)
FNDA:0,fulfilled
FNDA:0,rejected
FNDA:0,step
FNDA:0,(anonymous_7)
FNDA:0,(anonymous_8)
FNDA:0,(anonymous_9)
FNDA:0,(anonymous_10)
FNDA:0,(anonymous_11)
FNDA:0,(anonymous_12)
DA:2,1
DA:3,0
DA:4,0
DA:5,0
DA:6,0
DA:7,0
DA:8,0
DA:11,1
DA:14,0
DA:15,0
DA:19,0
DA:20,0
DA:24,0
DA:25,0
DA:29,1
LF:15
LH:3
BRDA:2,0,0,1
BRDA:2,0,1,1
BRDA:2,0,2,1
BRDA:3,1,0,0
BRDA:3,1,1,0
BRDA:4,2,0,0
BRDA:4,2,1,0
BRDA:7,3,0,0
BRDA:7,3,1,0
BRDA:8,4,0,0
BRDA:8,4,1,0
BRF:11
BRH:3
end_of_record
TN:
SF:src/modules/user/service/user.service.js
FN:2,(anonymous_0)
FN:3,adopt
FN:3,(anonymous_2)
FN:4,(anonymous_3)
FN:5,fulfilled
FN:6,rejected
FN:7,step
FN:13,(anonymous_7)
FN:14,(anonymous_8)
FN:18,(anonymous_9)
FN:19,(anonymous_10)
FN:23,(anonymous_11)
FN:24,(anonymous_12)
FNF:13
FNH:9
FNDA:3,(anonymous_0)
FNDA:1,adopt
FNDA:0,(anonymous_2)
FNDA:3,(anonymous_3)
FNDA:1,fulfilled
FNDA:0,rejected
FNDA:4,step
FNDA:2,(anonymous_7)
FNDA:2,(anonymous_8)
FNDA:0,(anonymous_9)
FNDA:0,(anonymous_10)
FNDA:1,(anonymous_11)
FNDA:1,(anonymous_12)
DA:2,1
DA:3,1
DA:4,3
DA:5,1
DA:6,0
DA:7,4
DA:8,3
DA:11,1
DA:14,2
DA:15,2
DA:19,0
DA:20,0
DA:24,1
DA:25,1
DA:29,1
LF:15
LH:12
BRDA:2,0,0,1
BRDA:2,0,1,1
BRDA:2,0,2,1
BRDA:3,1,0,1
BRDA:3,1,1,0
BRDA:4,2,0,3
BRDA:4,2,1,3
BRDA:7,3,0,3
BRDA:7,3,1,1
BRDA:8,4,0,3
BRDA:8,4,1,3
BRF:11
BRH:10
end_of_record
